{"type":"server-started","port":50455,"host":"127.0.0.1","url_host":"localhost","url":"http://localhost:50455","screen_dir":"/Users/flosh/Desktop/Coding/personale/PyDF Tool/.superpowers/brainstorm/96704-1774820099/content","state_dir":"/Users/flosh/Desktop/Coding/personale/PyDF Tool/.superpowers/brainstorm/96704-1774820099/state"}
{"type":"screen-added","file":"/Users/flosh/Desktop/Coding/personale/PyDF Tool/.superpowers/brainstorm/96704-1774820099/content/wizard-style.html"}
{"type":"screen-updated","file":"/Users/flosh/Desktop/Coding/personale/PyDF Tool/.superpowers/brainstorm/96704-1774820099/content/wizard-style.html"}
{"type":"screen-updated","file":"/Users/flosh/Desktop/Coding/personale/PyDF Tool/.superpowers/brainstorm/96704-1774820099/content/wizard-style.html"}
{"type":"screen-updated","file":"/Users/flosh/Desktop/Coding/personale/PyDF Tool/.superpowers/brainstorm/96704-1774820099/content/wizard-style.html"}
{"source":"user-event","type":"click","text":"в”Ңв”Җ Esegui OCR в”Җв”Җв”Җв”Җв”Җв”Җв”Җв”Җв”Җв”Җв”Җв”Җв”Җв”Җв”Җв”Җв”Җв”Җв”Җв”Җв”Җв”Җв”Җв”Җв”Җв”Җв”Җв”Җв”Җв”Җв”җ\n        в”Ӯ 1. File  в–¶ 2. Lingua  3. Formato  4. Output  в”Ӯ\n        в”ңв”Җв”Җв”Җв”Җв”Җв”Җв”Җв”Җв”Җв”Җв”Җв”Җв”Җв”Җв”Җв”Җв”Җв”Җв”Җв”Җв”Җв”Җв”Җв”Җв”Җв”Җв”Җв”Җв”Җв”Җв”Җв”Җв”Җв”Җв”Җв”Җв”Җв”Җв”Җв”Җв”Җв”Җв”Җв”Ө\n        в”Ӯ                                           в”Ӯ\n        в”Ӯ  Lingua OCR                               в”Ӯ\n        в”Ӯ  > Italiano                               в”Ӯ\n        в”Ӯ    English                                в”Ӯ\n        в”Ӯ    Italiano + English                     в”Ӯ\n        в”Ӯ                                           в”Ӯ\n        в””в”Җв”Җв”Җв”Җв”Җв”Җв”Җв”Җв”Җв”Җв”Җв”Җв”Җв”Җв”Җв”Җв”Җв”Җв”Җв”Җв”Җв”Җв”Җв”Җв”Җв”Җв”Җв”Җв”Җв”Җв”Җв”Җв”Җв”Җв”Җв”Җв”Җв”Җв”Җв”Җв”Җв”Җв”Җв”ҳ\n        вҶ’ barra in cima mostra sempre a che punto seiвҶ’ si puГІ tornare a un passo precedente cliccando\n      \n    \n    \n      B вҖ” Stepper con barra progresso\n      Un'unica schermata del wizard con indicatore di passo in cima. Il contenuto cambia al passo corrente ma il contesto (titolo, barra) rimane visibile.","choice":"b","id":null,"timestamp":1774820264991}
{"type":"screen-added","file":"/Users/flosh/Desktop/Coding/personale/PyDF Tool/.superpowers/brainstorm/96704-1774820099/content/progress-screen.html"}
{"type":"screen-updated","file":"/Users/flosh/Desktop/Coding/personale/PyDF Tool/.superpowers/brainstorm/96704-1774820099/content/progress-screen.html"}
{"type":"screen-updated","file":"/Users/flosh/Desktop/Coding/personale/PyDF Tool/.superpowers/brainstorm/96704-1774820099/content/progress-screen.html"}
{"type":"screen-updated","file":"/Users/flosh/Desktop/Coding/personale/PyDF Tool/.superpowers/brainstorm/96704-1774820099/content/progress-screen.html"}
{"source":"user-event","type":"click","text":"в”Ңв”Җ PyDF Tool вҖ” Esegui OCR в”Җв”Җв”Җв”Җв”Җв”Җв”Җв”Җв”Җв”Җв”Җв”Җв”Җв”Җв”Җв”Җв”Җв”Җв”җ\n        в”Ӯ                                           в”Ӯ\n        в”Ӯ  OCR pagina 3 / 12                         в”Ӯ\n        в”Ӯ                                           в”Ӯ\n        в”Ӯ  в–Ҳв–Ҳв–Ҳв–Ҳв–Ҳв–Ҳв–Ҳв–Ҳв–Ҳв–Ҳв–Ҳв–Ҳв–‘в–‘в–‘в–‘в–‘в–‘в–‘в–‘в–‘в–‘в–‘в–‘в–‘в–‘в–‘  25%          в”Ӯ\n        в”Ӯ                                           в”Ӯ\n        в”Ӯ  Tempo trascorso: 0:00:14                 в”Ӯ\n        в”Ӯ                                           в”Ӯ\n        в”Ӯ  Ctrl+C per annullare                     в”Ӯ\n        в”Ӯ                                           в”Ӯ\n        в””в”Җв”Җв”Җв”Җв”Җв”Җв”Җв”Җв”Җв”Җв”Җв”Җв”Җв”Җв”Җв”Җв”Җв”Җв”Җв”Җв”Җв”Җв”Җв”Җв”Җв”Җв”Җв”Җв”Җв”Җв”Җв”Җв”Җв”Җв”Җв”Җв”Җв”Җв”Җв”Җв”Җв”Җв”Җв”ҳ\n        вҶ’ schermata dedicata, copre tutta la finestraвҶ’ al termine mostra il risultato, poi torna alla home\n      \n    \n    \n      A вҖ” Schermata dedicata\n      L'operazione occupa l'intera finestra. La home sparisce, vedi solo avanzamento e messaggio. Al termine appare il riepilogo, poi si torna alla home con un tasto.","choice":"a","id":null,"timestamp":1774820414373}
{"type":"screen-added","file":"/Users/flosh/Desktop/Coding/personale/PyDF Tool/.superpowers/brainstorm/96704-1774820099/content/waiting.html"}
{"type":"screen-updated","file":"/Users/flosh/Desktop/Coding/personale/PyDF Tool/.superpowers/brainstorm/96704-1774820099/content/waiting.html"}
{"type":"screen-updated","file":"/Users/flosh/Desktop/Coding/personale/PyDF Tool/.superpowers/brainstorm/96704-1774820099/content/waiting.html"}
{"type":"screen-added","file":"/Users/flosh/Desktop/Coding/personale/PyDF Tool/.superpowers/brainstorm/96704-1774820099/content/home-header.html"}
{"type":"screen-updated","file":"/Users/flosh/Desktop/Coding/personale/PyDF Tool/.superpowers/brainstorm/96704-1774820099/content/home-header.html"}
{"type":"screen-updated","file":"/Users/flosh/Desktop/Coding/personale/PyDF Tool/.superpowers/brainstorm/96704-1774820099/content/home-header.html"}
{"type":"screen-updated","file":"/Users/flosh/Desktop/Coding/personale/PyDF Tool/.superpowers/brainstorm/96704-1774820099/content/home-header.html"}
{"source":"user-event","type":"click","text":"в”Ңв”Җв”Җв”Җв”Җв”Җв”Җв”Җв”Җв”Җв”Җв”Җв”Җв”Җв”Җв”Җв”Җв”Җв”Җв”Җв”Җв”Җв”Җв”Җв”Җв”Җв”Җв”Җв”Җв”Җв”Җв”Җв”Җв”Җв”Җв”Җв”Җв”Җв”Җв”Җв”Җв”Җв”Җв”Җв”Җв”Җв”Җв”Җв”Җв”Җв”Җв”җ\nв”Ӯ                                                  в”Ӯ\nв”Ӯ   в• в•җв•җ PyDF Tool в•җв•җв•Ј   OCR  В·  compress  В·  check   в”Ӯ\nв”Ӯ                                                  в”Ӯ\nв”Ӯ   в”Җв”Җв”Җв”Җв”Җв”Җв”Җв”Җв”Җв”Җв”Җв”Җв”Җв”Җв”Җв”Җв”Җв”Җв”Җв”Җв”Җв”Җв”Җв”Җв”Җв”Җв”Җв”Җв”Җв”Җв”Җв”Җв”Җв”Җв”Җв”Җв”Җв”Җв”Җв”Җв”Җв”Җв”Җ   в”Ӯ\nв”Ӯ   strumenti PDF da riga di comando В· macOS       в”Ӯ\nв”Ӯ                                                  в”Ӯ\nв””в”Җв”Җв”Җв”Җв”Җв”Җв”Җв”Җв”Җв”Җв”Җв”Җв”Җв”Җв”Җв”Җв”Җв”Җв”Җв”Җв”Җв”Җв”Җв”Җв”Җв”Җв”Җв”Җв”Җв”Җв”Җв”Җв”Җв”Җв”Җв”Җв”Җв”Җв”Җв”Җв”Җв”Җв”Җв”Җв”Җв”Җв”Җв”Җв”Җв”Җв”ҳ\n      \n    \n    \n      D вҖ” Titolo incorniciato con separatori\n      Il nome ГЁ centrato tra doppi separatori в• в•җв•җв•Ј. Le funzionalitГ  chiave sono elencate in linea a destra. Separatore orizzontale sotto divide titolo dalla tagline. Look classico da tool da terminale.","choice":"d","id":null,"timestamp":1774820948449}
{"type":"screen-added","file":"/Users/flosh/Desktop/Coding/personale/PyDF Tool/.superpowers/brainstorm/96704-1774820099/content/waiting-2.html"}
{"type":"screen-updated","file":"/Users/flosh/Desktop/Coding/personale/PyDF Tool/.superpowers/brainstorm/96704-1774820099/content/waiting-2.html"}
{"type":"screen-updated","file":"/Users/flosh/Desktop/Coding/personale/PyDF Tool/.superpowers/brainstorm/96704-1774820099/content/waiting-2.html"}
{"type":"screen-updated","file":"/Users/flosh/Desktop/Coding/personale/PyDF Tool/.superpowers/brainstorm/96704-1774820099/content/waiting-2.html"}
{"type":"server-stopped","reason":"owner process exited"}
